{"/run/media/klaus/a7c9d6e3-d287-426d-bb9f-0af8131dbf34/klaus/Downloads/Projetos/Mohamed/apps/api/src/app.controller.ts": {"path":"/run/media/klaus/a7c9d6e3-d287-426d-bb9f-0af8131dbf34/klaus/Downloads/Projetos/Mohamed/apps/api/src/app.controller.ts","statementMap":{"0":{"start":{"line":1,"column":0},"end":{"line":1,"column":49}},"1":{"start":{"line":2,"column":0},"end":{"line":2,"column":43}},"2":{"start":{"line":5,"column":7},"end":{"line":12,"column":null}},"3":{"start":{"line":6,"column":31},"end":{"line":6,"column":43}},"4":{"start":{"line":10,"column":4},"end":{"line":10,"column":38}},"5":{"start":{"line":5,"column":13},"end":{"line":5,"column":26}},"6":{"start":{"line":9,"column":2},"end":{"line":11,"column":null}},"7":{"start":{"line":5,"column":13},"end":{"line":12,"column":null}}},"fnMap":{"0":{"name":"(anonymous_2)","decl":{"start":{"line":6,"column":2},"end":{"line":6,"column":31}},"loc":{"start":{"line":6,"column":53},"end":{"line":6,"column":57}}},"1":{"name":"(anonymous_3)","decl":{"start":{"line":9,"column":2},"end":{"line":9,"column":10}},"loc":{"start":{"line":9,"column":10},"end":{"line":11,"column":3}}}},"branchMap":{"0":{"loc":{"start":{"line":6,"column":43},"end":{"line":6,"column":56}},"type":"cond-expr","locations":[{"start":{"line":6,"column":53},"end":{"line":6,"column":56}},{"start":{"line":6,"column":53},"end":{"line":6,"column":56}}]},"1":{"loc":{"start":{"line":6,"column":43},"end":{"line":6,"column":53}},"type":"binary-expr","locations":[{"start":{"line":6,"column":43},"end":{"line":6,"column":56}},{"start":{"line":6,"column":43},"end":{"line":6,"column":53}}]}},"s":{"0":1,"1":1,"2":1,"3":1,"4":1,"5":1,"6":1,"7":1},"f":{"0":1,"1":1},"b":{"0":[1,0],"1":[1,1]}}
,"/run/media/klaus/a7c9d6e3-d287-426d-bb9f-0af8131dbf34/klaus/Downloads/Projetos/Mohamed/apps/api/src/app.module.ts": {"path":"/run/media/klaus/a7c9d6e3-d287-426d-bb9f-0af8131dbf34/klaus/Downloads/Projetos/Mohamed/apps/api/src/app.module.ts","statementMap":{"0":{"start":{"line":1,"column":0},"end":{"line":1,"column":40}},"1":{"start":{"line":2,"column":0},"end":{"line":2,"column":46}},"2":{"start":{"line":3,"column":0},"end":{"line":3,"column":49}},"3":{"start":{"line":4,"column":0},"end":{"line":4,"column":43}},"4":{"start":{"line":5,"column":0},"end":{"line":5,"column":60}},"5":{"start":{"line":6,"column":0},"end":{"line":6,"column":51}},"6":{"start":{"line":7,"column":0},"end":{"line":7,"column":48}},"7":{"start":{"line":8,"column":0},"end":{"line":8,"column":57}},"8":{"start":{"line":9,"column":0},"end":{"line":9,"column":51}},"9":{"start":{"line":10,"column":0},"end":{"line":10,"column":60}},"10":{"start":{"line":11,"column":0},"end":{"line":11,"column":75}},"11":{"start":{"line":29,"column":7},"end":{"line":29,"column":null}},"12":{"start":{"line":29,"column":13},"end":{"line":29,"column":22}},"13":{"start":{"line":29,"column":13},"end":{"line":29,"column":null}}},"fnMap":{},"branchMap":{},"s":{"0":0,"1":0,"2":0,"3":0,"4":0,"5":0,"6":0,"7":0,"8":0,"9":0,"10":0,"11":0,"12":0,"13":0},"f":{},"b":{}}
,"/run/media/klaus/a7c9d6e3-d287-426d-bb9f-0af8131dbf34/klaus/Downloads/Projetos/Mohamed/apps/api/src/app.service.ts": {"path":"/run/media/klaus/a7c9d6e3-d287-426d-bb9f-0af8131dbf34/klaus/Downloads/Projetos/Mohamed/apps/api/src/app.service.ts","statementMap":{"0":{"start":{"line":1,"column":0},"end":{"line":1,"column":44}},"1":{"start":{"line":4,"column":7},"end":{"line":8,"column":null}},"2":{"start":{"line":6,"column":4},"end":{"line":6,"column":26}},"3":{"start":{"line":4,"column":13},"end":{"line":4,"column":23}},"4":{"start":{"line":4,"column":13},"end":{"line":8,"column":null}}},"fnMap":{"0":{"name":"(anonymous_1)","decl":{"start":{"line":5,"column":2},"end":{"line":5,"column":10}},"loc":{"start":{"line":5,"column":10},"end":{"line":7,"column":3}}}},"branchMap":{},"s":{"0":1,"1":1,"2":1,"3":1,"4":1},"f":{"0":1},"b":{}}
,"/run/media/klaus/a7c9d6e3-d287-426d-bb9f-0af8131dbf34/klaus/Downloads/Projetos/Mohamed/apps/api/src/main.ts": {"path":"/run/media/klaus/a7c9d6e3-d287-426d-bb9f-0af8131dbf34/klaus/Downloads/Projetos/Mohamed/apps/api/src/main.ts","statementMap":{"0":{"start":{"line":1,"column":0},"end":{"line":1,"column":43}},"1":{"start":{"line":2,"column":0},"end":{"line":2,"column":41}},"2":{"start":{"line":3,"column":0},"end":{"line":3,"column":41}},"3":{"start":{"line":6,"column":14},"end":{"line":6,"column":49}},"4":{"start":{"line":8,"column":2},"end":{"line":11,"column":5}},"5":{"start":{"line":13,"column":2},"end":{"line":13,"column":26}},"6":{"start":{"line":15,"column":2},"end":{"line":15,"column":45}},"7":{"start":{"line":17,"column":0},"end":{"line":17,"column":12}}},"fnMap":{"0":{"name":"bootstrap","decl":{"start":{"line":5,"column":15},"end":{"line":5,"column":24}},"loc":{"start":{"line":5,"column":24},"end":{"line":16,"column":1}}}},"branchMap":{"0":{"loc":{"start":{"line":9,"column":12},"end":{"line":9,"column":63}},"type":"binary-expr","locations":[{"start":{"line":9,"column":12},"end":{"line":9,"column":36}},{"start":{"line":9,"column":40},"end":{"line":9,"column":63}}]},"1":{"loc":{"start":{"line":15,"column":19},"end":{"line":15,"column":43}},"type":"binary-expr","locations":[{"start":{"line":15,"column":19},"end":{"line":15,"column":35}},{"start":{"line":15,"column":39},"end":{"line":15,"column":43}}]}},"s":{"0":0,"1":0,"2":0,"3":0,"4":0,"5":0,"6":0,"7":0},"f":{"0":0},"b":{"0":[0,0],"1":[0,0]}}
,"/run/media/klaus/a7c9d6e3-d287-426d-bb9f-0af8131dbf34/klaus/Downloads/Projetos/Mohamed/apps/api/src/auth/auth.controller.ts": {"path":"/run/media/klaus/a7c9d6e3-d287-426d-bb9f-0af8131dbf34/klaus/Downloads/Projetos/Mohamed/apps/api/src/auth/auth.controller.ts","statementMap":{"0":{"start":{"line":1,"column":0},"end":{"line":1,"column":137}},"1":{"start":{"line":2,"column":0},"end":{"line":2,"column":45}},"2":{"start":{"line":4,"column":0},"end":{"line":4,"column":72}},"3":{"start":{"line":5,"column":0},"end":{"line":5,"column":61}},"4":{"start":{"line":7,"column":0},"end":{"line":7,"column":55}},"5":{"start":{"line":10,"column":7},"end":{"line":64,"column":null}},"6":{"start":{"line":11,"column":24},"end":{"line":11,"column":37}},"7":{"start":{"line":16,"column":8},"end":{"line":16,"column":24}},"8":{"start":{"line":23,"column":21},"end":{"line":23,"column":83}},"9":{"start":{"line":24,"column":8},"end":{"line":26,"column":9}},"10":{"start":{"line":25,"column":12},"end":{"line":25,"column":69}},"11":{"start":{"line":27,"column":23},"end":{"line":27,"column":57}},"12":{"start":{"line":30,"column":8},"end":{"line":35,"column":11}},"13":{"start":{"line":37,"column":8},"end":{"line":40,"column":10}},"14":{"start":{"line":46,"column":8},"end":{"line":46,"column":47}},"15":{"start":{"line":52,"column":22},"end":{"line":52,"column":50}},"16":{"start":{"line":53,"column":8},"end":{"line":55,"column":9}},"17":{"start":{"line":54,"column":12},"end":{"line":54,"column":46}},"18":{"start":{"line":56,"column":8},"end":{"line":56,"column":47}},"19":{"start":{"line":62,"column":8},"end":{"line":62,"column":41}},"20":{"start":{"line":10,"column":13},"end":{"line":10,"column":27}},"21":{"start":{"line":15,"column":10},"end":{"line":17,"column":null}},"22":{"start":{"line":22,"column":10},"end":{"line":41,"column":null}},"23":{"start":{"line":45,"column":10},"end":{"line":47,"column":null}},"24":{"start":{"line":51,"column":10},"end":{"line":57,"column":null}},"25":{"start":{"line":61,"column":10},"end":{"line":63,"column":null}},"26":{"start":{"line":10,"column":13},"end":{"line":64,"column":null}}},"fnMap":{"0":{"name":"(anonymous_4)","decl":{"start":{"line":11,"column":4},"end":{"line":11,"column":24}},"loc":{"start":{"line":11,"column":48},"end":{"line":11,"column":53}}},"1":{"name":"(anonymous_5)","decl":{"start":{"line":15,"column":10},"end":{"line":15,"column":20}},"loc":{"start":{"line":15,"column":36},"end":{"line":17,"column":5}}},"2":{"name":"(anonymous_6)","decl":{"start":{"line":22,"column":10},"end":{"line":22,"column":15}},"loc":{"start":{"line":22,"column":81},"end":{"line":41,"column":5}}},"3":{"name":"(anonymous_7)","decl":{"start":{"line":45,"column":10},"end":{"line":45,"column":18}},"loc":{"start":{"line":45,"column":44},"end":{"line":47,"column":5}}},"4":{"name":"(anonymous_8)","decl":{"start":{"line":51,"column":10},"end":{"line":51,"column":17}},"loc":{"start":{"line":51,"column":37},"end":{"line":57,"column":5}}},"5":{"name":"(anonymous_9)","decl":{"start":{"line":61,"column":10},"end":{"line":61,"column":16}},"loc":{"start":{"line":61,"column":58},"end":{"line":63,"column":5}}}},"branchMap":{"0":{"loc":{"start":{"line":24,"column":8},"end":{"line":26,"column":9}},"type":"if","locations":[{"start":{"line":24,"column":8},"end":{"line":26,"column":9}},{"start":{},"end":{}}]},"1":{"loc":{"start":{"line":53,"column":8},"end":{"line":55,"column":9}},"type":"if","locations":[{"start":{"line":53,"column":8},"end":{"line":55,"column":9}},{"start":{},"end":{}}]},"2":{"loc":{"start":{"line":11,"column":37},"end":{"line":11,"column":52}},"type":"cond-expr","locations":[{"start":{"line":11,"column":48},"end":{"line":11,"column":52}},{"start":{"line":11,"column":48},"end":{"line":11,"column":52}}]},"3":{"loc":{"start":{"line":11,"column":37},"end":{"line":11,"column":48}},"type":"binary-expr","locations":[{"start":{"line":11,"column":37},"end":{"line":11,"column":52}},{"start":{"line":11,"column":37},"end":{"line":11,"column":48}}]}},"s":{"0":1,"1":1,"2":1,"3":1,"4":1,"5":1,"6":3,"7":0,"8":2,"9":2,"10":1,"11":1,"12":1,"13":0,"14":0,"15":0,"16":0,"17":0,"18":0,"19":0,"20":1,"21":1,"22":1,"23":1,"24":1,"25":1,"26":1},"f":{"0":3,"1":0,"2":2,"3":0,"4":0,"5":0},"b":{"0":[1,1],"1":[0,0],"2":[1,0],"3":[1,1]}}
,"/run/media/klaus/a7c9d6e3-d287-426d-bb9f-0af8131dbf34/klaus/Downloads/Projetos/Mohamed/apps/api/src/auth/auth.module.ts": {"path":"/run/media/klaus/a7c9d6e3-d287-426d-bb9f-0af8131dbf34/klaus/Downloads/Projetos/Mohamed/apps/api/src/auth/auth.module.ts","statementMap":{"0":{"start":{"line":1,"column":0},"end":{"line":1,"column":40}},"1":{"start":{"line":2,"column":0},"end":{"line":2,"column":40}},"2":{"start":{"line":3,"column":0},"end":{"line":3,"column":50}},"3":{"start":{"line":4,"column":0},"end":{"line":4,"column":47}},"4":{"start":{"line":5,"column":0},"end":{"line":5,"column":45}},"5":{"start":{"line":6,"column":0},"end":{"line":6,"column":51}},"6":{"start":{"line":7,"column":0},"end":{"line":7,"column":52}},"7":{"start":{"line":8,"column":0},"end":{"line":8,"column":45}},"8":{"start":{"line":9,"column":0},"end":{"line":9,"column":76}},"9":{"start":{"line":27,"column":7},"end":{"line":27,"column":null}},"10":{"start":{"line":27,"column":13},"end":{"line":27,"column":23}},"11":{"start":{"line":27,"column":13},"end":{"line":27,"column":null}},"12":{"start":{"line":17,"column":46},"end":{"line":20,"column":8}}},"fnMap":{"0":{"name":"(anonymous_1)","decl":{"start":{"line":17,"column":18},"end":{"line":17,"column":19}},"loc":{"start":{"line":17,"column":46},"end":{"line":20,"column":8}}}},"branchMap":{},"s":{"0":0,"1":0,"2":0,"3":0,"4":0,"5":0,"6":0,"7":0,"8":0,"9":0,"10":0,"11":0,"12":0},"f":{"0":0},"b":{}}
,"/run/media/klaus/a7c9d6e3-d287-426d-bb9f-0af8131dbf34/klaus/Downloads/Projetos/Mohamed/apps/api/src/auth/auth.service.ts": {"path":"/run/media/klaus/a7c9d6e3-d287-426d-bb9f-0af8131dbf34/klaus/Downloads/Projetos/Mohamed/apps/api/src/auth/auth.service.ts","statementMap":{"0":{"start":{"line":1,"column":0},"end":{"line":1,"column":67}},"1":{"start":{"line":2,"column":0},"end":{"line":2,"column":41}},"2":{"start":{"line":3,"column":0},"end":{"line":3,"column":54}},"3":{"start":{"line":4,"column":0},"end":{"line":4,"column":76}},"4":{"start":{"line":5,"column":0},"end":{"line":5,"column":33}},"5":{"start":{"line":8,"column":7},"end":{"line":63,"column":null}},"6":{"start":{"line":10,"column":16},"end":{"line":10,"column":30}},"7":{"start":{"line":11,"column":16},"end":{"line":11,"column":28}},"8":{"start":{"line":12,"column":16},"end":{"line":12,"column":37}},"9":{"start":{"line":16,"column":21},"end":{"line":16,"column":63}},"10":{"start":{"line":17,"column":8},"end":{"line":20,"column":9}},"11":{"start":{"line":18,"column":44},"end":{"line":18,"column":48}},"12":{"start":{"line":19,"column":12},"end":{"line":19,"column":26}},"13":{"start":{"line":21,"column":8},"end":{"line":21,"column":20}},"14":{"start":{"line":25,"column":24},"end":{"line":25,"column":76}},"15":{"start":{"line":26,"column":28},"end":{"line":26,"column":57}},"16":{"start":{"line":27,"column":29},"end":{"line":27,"column":75}},"17":{"start":{"line":29,"column":8},"end":{"line":38,"column":10}},"18":{"start":{"line":42,"column":23},"end":{"line":42,"column":69}},"19":{"start":{"line":43,"column":21},"end":{"line":43,"column":61}},"20":{"start":{"line":45,"column":8},"end":{"line":47,"column":9}},"21":{"start":{"line":46,"column":12},"end":{"line":46,"column":46}},"22":{"start":{"line":49,"column":24},"end":{"line":49,"column":59}},"23":{"start":{"line":50,"column":8},"end":{"line":52,"column":10}},"24":{"start":{"line":56,"column":31},"end":{"line":56,"column":67}},"25":{"start":{"line":57,"column":21},"end":{"line":60,"column":10}},"26":{"start":{"line":61,"column":8},"end":{"line":61,"column":32}},"27":{"start":{"line":8,"column":13},"end":{"line":8,"column":24}},"28":{"start":{"line":8,"column":13},"end":{"line":63,"column":null}}},"fnMap":{"0":{"name":"(anonymous_11)","decl":{"start":{"line":9,"column":4},"end":{"line":9,"column":null}},"loc":{"start":{"line":12,"column":56},"end":{"line":13,"column":9}}},"1":{"name":"(anonymous_12)","decl":{"start":{"line":15,"column":4},"end":{"line":15,"column":9}},"loc":{"start":{"line":15,"column":50},"end":{"line":22,"column":5}}},"2":{"name":"(anonymous_13)","decl":{"start":{"line":24,"column":4},"end":{"line":24,"column":9}},"loc":{"start":{"line":24,"column":25},"end":{"line":39,"column":5}}},"3":{"name":"(anonymous_14)","decl":{"start":{"line":41,"column":4},"end":{"line":41,"column":9}},"loc":{"start":{"line":41,"column":31},"end":{"line":53,"column":5}}},"4":{"name":"(anonymous_15)","decl":{"start":{"line":55,"column":4},"end":{"line":55,"column":9}},"loc":{"start":{"line":55,"column":28},"end":{"line":62,"column":5}}}},"branchMap":{"0":{"loc":{"start":{"line":17,"column":8},"end":{"line":20,"column":9}},"type":"if","locations":[{"start":{"line":17,"column":8},"end":{"line":20,"column":9}},{"start":{},"end":{}}]},"1":{"loc":{"start":{"line":17,"column":12},"end":{"line":17,"column":63}},"type":"binary-expr","locations":[{"start":{"line":17,"column":12},"end":{"line":17,"column":16}},{"start":{"line":17,"column":21},"end":{"line":17,"column":62}}]},"2":{"loc":{"start":{"line":45,"column":8},"end":{"line":47,"column":9}},"type":"if","locations":[{"start":{"line":45,"column":8},"end":{"line":47,"column":9}},{"start":{},"end":{}}]},"3":{"loc":{"start":{"line":10,"column":30},"end":{"line":10,"column":null}},"type":"cond-expr","locations":[{"start":{"line":10,"column":42},"end":{"line":10,"column":null}},{"start":{"line":10,"column":42},"end":{"line":10,"column":null}}]},"4":{"loc":{"start":{"line":10,"column":30},"end":{"line":10,"column":42}},"type":"binary-expr","locations":[{"start":{"line":10,"column":30},"end":{"line":10,"column":null}},{"start":{"line":10,"column":30},"end":{"line":10,"column":42}}]},"5":{"loc":{"start":{"line":10,"column":42},"end":{"line":11,"column":null}},"type":"cond-expr","locations":[{"start":{"line":11,"column":38},"end":{"line":11,"column":null}},{"start":{"line":11,"column":38},"end":{"line":11,"column":null}}]},"6":{"loc":{"start":{"line":10,"column":42},"end":{"line":11,"column":38}},"type":"binary-expr","locations":[{"start":{"line":10,"column":42},"end":{"line":11,"column":null}},{"start":{"line":11,"column":28},"end":{"line":11,"column":38}}]},"7":{"loc":{"start":{"line":11,"column":38},"end":{"line":12,"column":null}},"type":"cond-expr","locations":[{"start":{"line":12,"column":56},"end":{"line":12,"column":null}},{"start":{"line":12,"column":56},"end":{"line":12,"column":null}}]},"8":{"loc":{"start":{"line":11,"column":38},"end":{"line":12,"column":56}},"type":"binary-expr","locations":[{"start":{"line":11,"column":38},"end":{"line":12,"column":null}},{"start":{"line":12,"column":37},"end":{"line":12,"column":56}}]}},"s":{"0":2,"1":2,"2":2,"3":2,"4":2,"5":2,"6":0,"7":0,"8":0,"9":0,"10":0,"11":0,"12":0,"13":0,"14":0,"15":0,"16":0,"17":0,"18":0,"19":0,"20":0,"21":0,"22":0,"23":0,"24":0,"25":0,"26":0,"27":2,"28":2},"f":{"0":0,"1":0,"2":0,"3":0,"4":0},"b":{"0":[0,0],"1":[0,0],"2":[0,0],"3":[2,0],"4":[2,2],"5":[2,0],"6":[2,2],"7":[2,0],"8":[2,2]}}
,"/run/media/klaus/a7c9d6e3-d287-426d-bb9f-0af8131dbf34/klaus/Downloads/Projetos/Mohamed/apps/api/src/auth/jwt.strategy.ts": {"path":"/run/media/klaus/a7c9d6e3-d287-426d-bb9f-0af8131dbf34/klaus/Downloads/Projetos/Mohamed/apps/api/src/auth/jwt.strategy.ts","statementMap":{"0":{"start":{"line":1,"column":0},"end":{"line":1,"column":52}},"1":{"start":{"line":2,"column":0},"end":{"line":2,"column":52}},"2":{"start":{"line":3,"column":0},"end":{"line":3,"column":44}},"3":{"start":{"line":4,"column":0},"end":{"line":4,"column":47}},"4":{"start":{"line":7,"column":7},"end":{"line":24,"column":null}},"5":{"start":{"line":9,"column":23},"end":{"line":9,"column":62}},"6":{"start":{"line":10,"column":8},"end":{"line":12,"column":9}},"7":{"start":{"line":11,"column":12},"end":{"line":11,"column":67}},"8":{"start":{"line":14,"column":8},"end":{"line":18,"column":11}},"9":{"start":{"line":8,"column":24},"end":{"line":8,"column":39}},"10":{"start":{"line":22,"column":8},"end":{"line":22,"column":77}},"11":{"start":{"line":7,"column":13},"end":{"line":7,"column":24}},"12":{"start":{"line":7,"column":13},"end":{"line":24,"column":null}}},"fnMap":{"0":{"name":"(anonymous_2)","decl":{"start":{"line":8,"column":4},"end":{"line":8,"column":24}},"loc":{"start":{"line":8,"column":52},"end":{"line":19,"column":5}}},"1":{"name":"(anonymous_3)","decl":{"start":{"line":21,"column":4},"end":{"line":21,"column":9}},"loc":{"start":{"line":21,"column":31},"end":{"line":23,"column":5}}}},"branchMap":{"0":{"loc":{"start":{"line":10,"column":8},"end":{"line":12,"column":9}},"type":"if","locations":[{"start":{"line":10,"column":8},"end":{"line":12,"column":9}},{"start":{},"end":{}}]},"1":{"loc":{"start":{"line":8,"column":39},"end":{"line":8,"column":null}},"type":"cond-expr","locations":[{"start":{"line":8,"column":52},"end":{"line":8,"column":null}},{"start":{"line":8,"column":52},"end":{"line":8,"column":null}}]},"2":{"loc":{"start":{"line":8,"column":39},"end":{"line":8,"column":52}},"type":"binary-expr","locations":[{"start":{"line":8,"column":39},"end":{"line":8,"column":null}},{"start":{"line":8,"column":39},"end":{"line":8,"column":52}}]}},"s":{"0":0,"1":0,"2":0,"3":0,"4":0,"5":0,"6":0,"7":0,"8":0,"9":0,"10":0,"11":0,"12":0},"f":{"0":0,"1":0},"b":{"0":[0,0],"1":[0,0],"2":[0,0]}}
,"/run/media/klaus/a7c9d6e3-d287-426d-bb9f-0af8131dbf34/klaus/Downloads/Projetos/Mohamed/apps/api/src/auth/decorators/roles.decorator.ts": {"path":"/run/media/klaus/a7c9d6e3-d287-426d-bb9f-0af8131dbf34/klaus/Downloads/Projetos/Mohamed/apps/api/src/auth/decorators/roles.decorator.ts","statementMap":{"0":{"start":{"line":1,"column":0},"end":{"line":1,"column":45}},"1":{"start":{"line":3,"column":13},"end":{"line":3,"column":33}},"2":{"start":{"line":4,"column":21},"end":{"line":4,"column":74}},"3":{"start":{"line":4,"column":45},"end":{"line":4,"column":74}},"4":{"start":{"line":4,"column":13},"end":{"line":4,"column":21}}},"fnMap":{"0":{"name":"(anonymous_0)","decl":{"start":{"line":4,"column":21},"end":{"line":4,"column":22}},"loc":{"start":{"line":4,"column":45},"end":{"line":4,"column":74}}}},"branchMap":{},"s":{"0":0,"1":0,"2":0,"3":0,"4":0},"f":{"0":0},"b":{}}
,"/run/media/klaus/a7c9d6e3-d287-426d-bb9f-0af8131dbf34/klaus/Downloads/Projetos/Mohamed/apps/api/src/auth/dto/auth.dto.ts": {"path":"/run/media/klaus/a7c9d6e3-d287-426d-bb9f-0af8131dbf34/klaus/Downloads/Projetos/Mohamed/apps/api/src/auth/dto/auth.dto.ts","statementMap":{"0":{"start":{"line":1,"column":0},"end":{"line":1,"column":24}},"1":{"start":{"line":3,"column":13},"end":{"line":6,"column":3}},"2":{"start":{"line":10,"column":13},"end":{"line":14,"column":3}}},"fnMap":{},"branchMap":{},"s":{"0":1,"1":1,"2":1},"f":{},"b":{}}
,"/run/media/klaus/a7c9d6e3-d287-426d-bb9f-0af8131dbf34/klaus/Downloads/Projetos/Mohamed/apps/api/src/auth/guards/jwt-auth.guard.ts": {"path":"/run/media/klaus/a7c9d6e3-d287-426d-bb9f-0af8131dbf34/klaus/Downloads/Projetos/Mohamed/apps/api/src/auth/guards/jwt-auth.guard.ts","statementMap":{"0":{"start":{"line":1,"column":0},"end":{"line":1,"column":44}},"1":{"start":{"line":2,"column":0},"end":{"line":2,"column":45}},"2":{"start":{"line":5,"column":7},"end":{"line":5,"column":null}},"3":{"start":{"line":5,"column":13},"end":{"line":5,"column":25}},"4":{"start":{"line":5,"column":13},"end":{"line":5,"column":null}}},"fnMap":{},"branchMap":{},"s":{"0":2,"1":2,"2":2,"3":2,"4":2},"f":{},"b":{}}
,"/run/media/klaus/a7c9d6e3-d287-426d-bb9f-0af8131dbf34/klaus/Downloads/Projetos/Mohamed/apps/api/src/auth/guards/roles.guard.ts": {"path":"/run/media/klaus/a7c9d6e3-d287-426d-bb9f-0af8131dbf34/klaus/Downloads/Projetos/Mohamed/apps/api/src/auth/guards/roles.guard.ts","statementMap":{"0":{"start":{"line":1,"column":0},"end":{"line":1,"column":75}},"1":{"start":{"line":2,"column":0},"end":{"line":2,"column":41}},"2":{"start":{"line":3,"column":0},"end":{"line":3,"column":58}},"3":{"start":{"line":6,"column":7},"end":{"line":26,"column":null}},"4":{"start":{"line":7,"column":24},"end":{"line":7,"column":35}},"5":{"start":{"line":10,"column":30},"end":{"line":13,"column":10}},"6":{"start":{"line":14,"column":8},"end":{"line":16,"column":9}},"7":{"start":{"line":15,"column":12},"end":{"line":15,"column":24}},"8":{"start":{"line":17,"column":25},"end":{"line":17,"column":60}},"9":{"start":{"line":20,"column":8},"end":{"line":22,"column":9}},"10":{"start":{"line":21,"column":12},"end":{"line":21,"column":25}},"11":{"start":{"line":24,"column":8},"end":{"line":24,"column":93}},"12":{"start":{"line":24,"column":44},"end":{"line":24,"column":91}},"13":{"start":{"line":6,"column":13},"end":{"line":6,"column":23}},"14":{"start":{"line":6,"column":13},"end":{"line":26,"column":null}}},"fnMap":{"0":{"name":"(anonymous_2)","decl":{"start":{"line":7,"column":4},"end":{"line":7,"column":24}},"loc":{"start":{"line":7,"column":44},"end":{"line":7,"column":49}}},"1":{"name":"(anonymous_3)","decl":{"start":{"line":9,"column":4},"end":{"line":9,"column":15}},"loc":{"start":{"line":9,"column":41},"end":{"line":25,"column":5}}},"2":{"name":"(anonymous_4)","decl":{"start":{"line":24,"column":34},"end":{"line":24,"column":35}},"loc":{"start":{"line":24,"column":44},"end":{"line":24,"column":91}}}},"branchMap":{"0":{"loc":{"start":{"line":14,"column":8},"end":{"line":16,"column":9}},"type":"if","locations":[{"start":{"line":14,"column":8},"end":{"line":16,"column":9}},{"start":{},"end":{}}]},"1":{"loc":{"start":{"line":20,"column":8},"end":{"line":22,"column":9}},"type":"if","locations":[{"start":{"line":20,"column":8},"end":{"line":22,"column":9}},{"start":{},"end":{}}]},"2":{"loc":{"start":{"line":20,"column":12},"end":{"line":20,"column":31}},"type":"binary-expr","locations":[{"start":{"line":20,"column":12},"end":{"line":20,"column":17}},{"start":{"line":20,"column":21},"end":{"line":20,"column":31}}]},"3":{"loc":{"start":{"line":7,"column":35},"end":{"line":7,"column":48}},"type":"cond-expr","locations":[{"start":{"line":7,"column":44},"end":{"line":7,"column":48}},{"start":{"line":7,"column":44},"end":{"line":7,"column":48}}]},"4":{"loc":{"start":{"line":7,"column":35},"end":{"line":7,"column":44}},"type":"binary-expr","locations":[{"start":{"line":7,"column":35},"end":{"line":7,"column":48}},{"start":{"line":7,"column":35},"end":{"line":7,"column":44}}]}},"s":{"0":0,"1":0,"2":0,"3":0,"4":0,"5":0,"6":0,"7":0,"8":0,"9":0,"10":0,"11":0,"12":0,"13":0,"14":0},"f":{"0":0,"1":0,"2":0},"b":{"0":[0,0],"1":[0,0],"2":[0,0],"3":[0,0],"4":[0,0]}}
,"/run/media/klaus/a7c9d6e3-d287-426d-bb9f-0af8131dbf34/klaus/Downloads/Projetos/Mohamed/apps/api/src/auth/refresh-token/refresh-token.service.ts": {"path":"/run/media/klaus/a7c9d6e3-d287-426d-bb9f-0af8131dbf34/klaus/Downloads/Projetos/Mohamed/apps/api/src/auth/refresh-token/refresh-token.service.ts","statementMap":{"0":{"start":{"line":1,"column":0},"end":{"line":1,"column":75}},"1":{"start":{"line":2,"column":0},"end":{"line":2,"column":52}},"2":{"start":{"line":3,"column":0},"end":{"line":3,"column":59}},"3":{"start":{"line":4,"column":0},"end":{"line":4,"column":40}},"4":{"start":{"line":5,"column":0},"end":{"line":5,"column":42}},"5":{"start":{"line":6,"column":0},"end":{"line":6,"column":36}},"6":{"start":{"line":9,"column":7},"end":{"line":55,"column":null}},"7":{"start":{"line":12,"column":16},"end":{"line":12,"column":20}},"8":{"start":{"line":16,"column":22},"end":{"line":16,"column":34}},"9":{"start":{"line":17,"column":26},"end":{"line":17,"column":36}},"10":{"start":{"line":18,"column":8},"end":{"line":18,"column":51}},"11":{"start":{"line":20,"column":8},"end":{"line":25,"column":11}},"12":{"start":{"line":27,"column":8},"end":{"line":27,"column":21}},"13":{"start":{"line":31,"column":24},"end":{"line":40,"column":21}},"14":{"start":{"line":42,"column":29},"end":{"line":42,"column":39}},"15":{"start":{"line":43,"column":8},"end":{"line":45,"column":9}},"16":{"start":{"line":44,"column":12},"end":{"line":44,"column":82}},"17":{"start":{"line":47,"column":8},"end":{"line":47,"column":35}},"18":{"start":{"line":51,"column":8},"end":{"line":53,"column":58}},"19":{"start":{"line":9,"column":13},"end":{"line":9,"column":32}},"20":{"start":{"line":9,"column":13},"end":{"line":55,"column":null}}},"fnMap":{"0":{"name":"(anonymous_13)","decl":{"start":{"line":10,"column":4},"end":{"line":10,"column":null}},"loc":{"start":{"line":12,"column":49},"end":{"line":13,"column":9}}},"1":{"name":"(anonymous_14)","decl":{"start":{"line":15,"column":4},"end":{"line":15,"column":9}},"loc":{"start":{"line":15,"column":31},"end":{"line":28,"column":5}}},"2":{"name":"(anonymous_15)","decl":{"start":{"line":30,"column":4},"end":{"line":30,"column":9}},"loc":{"start":{"line":30,"column":32},"end":{"line":48,"column":5}}},"3":{"name":"(anonymous_16)","decl":{"start":{"line":50,"column":4},"end":{"line":50,"column":9}},"loc":{"start":{"line":50,"column":30},"end":{"line":54,"column":5}}}},"branchMap":{"0":{"loc":{"start":{"line":43,"column":8},"end":{"line":45,"column":9}},"type":"if","locations":[{"start":{"line":43,"column":8},"end":{"line":45,"column":9}},{"start":{},"end":{}}]},"1":{"loc":{"start":{"line":12,"column":20},"end":{"line":12,"column":49}},"type":"cond-expr","locations":[{"start":{"line":12,"column":34},"end":{"line":12,"column":49}},{"start":{"line":12,"column":34},"end":{"line":12,"column":49}}]},"2":{"loc":{"start":{"line":12,"column":20},"end":{"line":12,"column":34}},"type":"binary-expr","locations":[{"start":{"line":12,"column":20},"end":{"line":12,"column":49}},{"start":{"line":12,"column":20},"end":{"line":12,"column":34}}]}},"s":{"0":2,"1":2,"2":2,"3":2,"4":2,"5":2,"6":2,"7":0,"8":0,"9":0,"10":0,"11":0,"12":0,"13":0,"14":0,"15":0,"16":0,"17":0,"18":0,"19":2,"20":2},"f":{"0":0,"1":0,"2":0,"3":0},"b":{"0":[0,0],"1":[2,0],"2":[2,2]}}
,"/run/media/klaus/a7c9d6e3-d287-426d-bb9f-0af8131dbf34/klaus/Downloads/Projetos/Mohamed/apps/api/src/clients/clients.controller.ts": {"path":"/run/media/klaus/a7c9d6e3-d287-426d-bb9f-0af8131dbf34/klaus/Downloads/Projetos/Mohamed/apps/api/src/clients/clients.controller.ts","statementMap":{"0":{"start":{"line":1,"column":0},"end":{"line":1,"column":null}},"1":{"start":{"line":11,"column":0},"end":{"line":11,"column":45}},"2":{"start":{"line":12,"column":0},"end":{"line":12,"column":51}},"3":{"start":{"line":16,"column":7},"end":{"line":33,"column":null}},"4":{"start":{"line":17,"column":24},"end":{"line":17,"column":40}},"5":{"start":{"line":21,"column":8},"end":{"line":21,"column":60}},"6":{"start":{"line":26,"column":8},"end":{"line":26,"column":65}},"7":{"start":{"line":31,"column":8},"end":{"line":31,"column":63}},"8":{"start":{"line":16,"column":13},"end":{"line":16,"column":30}},"9":{"start":{"line":20,"column":10},"end":{"line":22,"column":null}},"10":{"start":{"line":25,"column":10},"end":{"line":27,"column":null}},"11":{"start":{"line":30,"column":10},"end":{"line":32,"column":null}},"12":{"start":{"line":16,"column":13},"end":{"line":33,"column":null}}},"fnMap":{"0":{"name":"(anonymous_4)","decl":{"start":{"line":17,"column":4},"end":{"line":17,"column":24}},"loc":{"start":{"line":17,"column":54},"end":{"line":17,"column":59}}},"1":{"name":"(anonymous_5)","decl":{"start":{"line":20,"column":10},"end":{"line":20,"column":17}},"loc":{"start":{"line":20,"column":37},"end":{"line":22,"column":5}}},"2":{"name":"(anonymous_6)","decl":{"start":{"line":25,"column":10},"end":{"line":25,"column":16}},"loc":{"start":{"line":25,"column":68},"end":{"line":27,"column":5}}},"3":{"name":"(anonymous_7)","decl":{"start":{"line":30,"column":10},"end":{"line":30,"column":16}},"loc":{"start":{"line":30,"column":61},"end":{"line":32,"column":5}}}},"branchMap":{"0":{"loc":{"start":{"line":17,"column":40},"end":{"line":17,"column":58}},"type":"cond-expr","locations":[{"start":{"line":17,"column":54},"end":{"line":17,"column":58}},{"start":{"line":17,"column":54},"end":{"line":17,"column":58}}]},"1":{"loc":{"start":{"line":17,"column":40},"end":{"line":17,"column":54}},"type":"binary-expr","locations":[{"start":{"line":17,"column":40},"end":{"line":17,"column":58}},{"start":{"line":17,"column":40},"end":{"line":17,"column":54}}]}},"s":{"0":1,"1":1,"2":1,"3":1,"4":0,"5":0,"6":0,"7":0,"8":1,"9":1,"10":1,"11":1,"12":1},"f":{"0":0,"1":0,"2":0,"3":0},"b":{"0":[1,0],"1":[1,1]}}
,"/run/media/klaus/a7c9d6e3-d287-426d-bb9f-0af8131dbf34/klaus/Downloads/Projetos/Mohamed/apps/api/src/clients/clients.module.ts": {"path":"/run/media/klaus/a7c9d6e3-d287-426d-bb9f-0af8131dbf34/klaus/Downloads/Projetos/Mohamed/apps/api/src/clients/clients.module.ts","statementMap":{"0":{"start":{"line":1,"column":0},"end":{"line":1,"column":40}},"1":{"start":{"line":2,"column":0},"end":{"line":2,"column":51}},"2":{"start":{"line":3,"column":0},"end":{"line":3,"column":57}},"3":{"start":{"line":9,"column":7},"end":{"line":9,"column":null}},"4":{"start":{"line":9,"column":13},"end":{"line":9,"column":26}},"5":{"start":{"line":9,"column":13},"end":{"line":9,"column":null}}},"fnMap":{},"branchMap":{},"s":{"0":0,"1":0,"2":0,"3":0,"4":0,"5":0},"f":{},"b":{}}
,"/run/media/klaus/a7c9d6e3-d287-426d-bb9f-0af8131dbf34/klaus/Downloads/Projetos/Mohamed/apps/api/src/clients/clients.service.ts": {"path":"/run/media/klaus/a7c9d6e3-d287-426d-bb9f-0af8131dbf34/klaus/Downloads/Projetos/Mohamed/apps/api/src/clients/clients.service.ts","statementMap":{"0":{"start":{"line":1,"column":0},"end":{"line":1,"column":52}},"1":{"start":{"line":2,"column":0},"end":{"line":2,"column":52}},"2":{"start":{"line":3,"column":0},"end":{"line":3,"column":56}},"3":{"start":{"line":4,"column":0},"end":{"line":4,"column":40}},"4":{"start":{"line":5,"column":0},"end":{"line":5,"column":38}},"5":{"start":{"line":6,"column":0},"end":{"line":6,"column":36}},"6":{"start":{"line":9,"column":7},"end":{"line":40,"column":null}},"7":{"start":{"line":12,"column":16},"end":{"line":12,"column":20}},"8":{"start":{"line":16,"column":8},"end":{"line":19,"column":54}},"9":{"start":{"line":23,"column":24},"end":{"line":30,"column":24}},"10":{"start":{"line":32,"column":8},"end":{"line":32,"column":26}},"11":{"start":{"line":36,"column":8},"end":{"line":38,"column":86}},"12":{"start":{"line":9,"column":13},"end":{"line":9,"column":27}},"13":{"start":{"line":9,"column":13},"end":{"line":40,"column":null}}},"fnMap":{"0":{"name":"(anonymous_13)","decl":{"start":{"line":10,"column":4},"end":{"line":10,"column":null}},"loc":{"start":{"line":12,"column":49},"end":{"line":13,"column":9}}},"1":{"name":"(anonymous_14)","decl":{"start":{"line":15,"column":4},"end":{"line":15,"column":9}},"loc":{"start":{"line":15,"column":32},"end":{"line":20,"column":5}}},"2":{"name":"(anonymous_15)","decl":{"start":{"line":22,"column":4},"end":{"line":22,"column":9}},"loc":{"start":{"line":22,"column":55},"end":{"line":33,"column":5}}},"3":{"name":"(anonymous_16)","decl":{"start":{"line":35,"column":4},"end":{"line":35,"column":9}},"loc":{"start":{"line":35,"column":43},"end":{"line":39,"column":5}}}},"branchMap":{"0":{"loc":{"start":{"line":12,"column":20},"end":{"line":12,"column":49}},"type":"cond-expr","locations":[{"start":{"line":12,"column":34},"end":{"line":12,"column":49}},{"start":{"line":12,"column":34},"end":{"line":12,"column":49}}]},"1":{"loc":{"start":{"line":12,"column":20},"end":{"line":12,"column":34}},"type":"binary-expr","locations":[{"start":{"line":12,"column":20},"end":{"line":12,"column":49}},{"start":{"line":12,"column":20},"end":{"line":12,"column":34}}]}},"s":{"0":2,"1":2,"2":2,"3":2,"4":2,"5":2,"6":2,"7":2,"8":0,"9":1,"10":1,"11":0,"12":2,"13":2},"f":{"0":2,"1":0,"2":1,"3":0},"b":{"0":[2,0],"1":[2,2]}}
,"/run/media/klaus/a7c9d6e3-d287-426d-bb9f-0af8131dbf34/klaus/Downloads/Projetos/Mohamed/apps/api/src/common/pipes/zod-validation.pipe.ts": {"path":"/run/media/klaus/a7c9d6e3-d287-426d-bb9f-0af8131dbf34/klaus/Downloads/Projetos/Mohamed/apps/api/src/common/pipes/zod-validation.pipe.ts","statementMap":{"0":{"start":{"line":1,"column":0},"end":{"line":1,"column":86}},"1":{"start":{"line":5,"column":24},"end":{"line":5,"column":41}},"2":{"start":{"line":8,"column":8},"end":{"line":16,"column":9}},"3":{"start":{"line":9,"column":32},"end":{"line":9,"column":56}},"4":{"start":{"line":10,"column":12},"end":{"line":10,"column":31}},"5":{"start":{"line":12,"column":12},"end":{"line":15,"column":15}},"6":{"start":{"line":4,"column":0},"end":{"line":4,"column":13}}},"fnMap":{"0":{"name":"(anonymous_0)","decl":{"start":{"line":5,"column":4},"end":{"line":5,"column":24}},"loc":{"start":{"line":5,"column":41},"end":{"line":5,"column":46}}},"1":{"name":"(anonymous_1)","decl":{"start":{"line":7,"column":4},"end":{"line":7,"column":13}},"loc":{"start":{"line":7,"column":56},"end":{"line":17,"column":5}}}},"branchMap":{},"s":{"0":1,"1":2,"2":0,"3":0,"4":0,"5":0,"6":1},"f":{"0":2,"1":0},"b":{}}
,"/run/media/klaus/a7c9d6e3-d287-426d-bb9f-0af8131dbf34/klaus/Downloads/Projetos/Mohamed/apps/api/src/database/database.module.ts": {"path":"/run/media/klaus/a7c9d6e3-d287-426d-bb9f-0af8131dbf34/klaus/Downloads/Projetos/Mohamed/apps/api/src/database/database.module.ts","statementMap":{"0":{"start":{"line":1,"column":0},"end":{"line":1,"column":48}},"1":{"start":{"line":2,"column":0},"end":{"line":2,"column":55}},"2":{"start":{"line":9,"column":7},"end":{"line":9,"column":null}},"3":{"start":{"line":9,"column":13},"end":{"line":9,"column":27}},"4":{"start":{"line":9,"column":13},"end":{"line":9,"column":null}}},"fnMap":{},"branchMap":{},"s":{"0":0,"1":0,"2":0,"3":0,"4":0},"f":{},"b":{}}
,"/run/media/klaus/a7c9d6e3-d287-426d-bb9f-0af8131dbf34/klaus/Downloads/Projetos/Mohamed/apps/api/src/database/database.provider.ts": {"path":"/run/media/klaus/a7c9d6e3-d287-426d-bb9f-0af8131dbf34/klaus/Downloads/Projetos/Mohamed/apps/api/src/database/database.provider.ts","statementMap":{"0":{"start":{"line":2,"column":0},"end":{"line":2,"column":47}},"1":{"start":{"line":3,"column":0},"end":{"line":3,"column":45}},"2":{"start":{"line":4,"column":0},"end":{"line":4,"column":40}},"3":{"start":{"line":6,"column":13},"end":{"line":6,"column":33}},"4":{"start":{"line":8,"column":13},"end":{"line":29,"column":2}},"5":{"start":{"line":12,"column":20},"end":{"line":12,"column":61}},"6":{"start":{"line":13,"column":26},"end":{"line":13,"column":74}},"7":{"start":{"line":15,"column":8},"end":{"line":17,"column":9}},"8":{"start":{"line":16,"column":12},"end":{"line":16,"column":69}},"9":{"start":{"line":20,"column":33},"end":{"line":20,"column":63}},"10":{"start":{"line":22,"column":23},"end":{"line":25,"column":10}},"11":{"start":{"line":27,"column":8},"end":{"line":27,"column":43}}},"fnMap":{"0":{"name":"(anonymous_9)","decl":{"start":{"line":11,"column":16},"end":{"line":11,"column":21}},"loc":{"start":{"line":11,"column":55},"end":{"line":28,"column":5}}}},"branchMap":{"0":{"loc":{"start":{"line":15,"column":8},"end":{"line":17,"column":9}},"type":"if","locations":[{"start":{"line":15,"column":8},"end":{"line":17,"column":9}},{"start":{},"end":{}}]}},"s":{"0":7,"1":7,"2":7,"3":7,"4":7,"5":0,"6":0,"7":0,"8":0,"9":0,"10":0,"11":0},"f":{"0":0},"b":{"0":[0,0]}}
,"/run/media/klaus/a7c9d6e3-d287-426d-bb9f-0af8131dbf34/klaus/Downloads/Projetos/Mohamed/apps/api/src/payments/payments.controller.ts": {"path":"/run/media/klaus/a7c9d6e3-d287-426d-bb9f-0af8131dbf34/klaus/Downloads/Projetos/Mohamed/apps/api/src/payments/payments.controller.ts","statementMap":{"0":{"start":{"line":1,"column":0},"end":{"line":1,"column":104}},"1":{"start":{"line":3,"column":0},"end":{"line":3,"column":53}},"2":{"start":{"line":4,"column":0},"end":{"line":4,"column":61}},"3":{"start":{"line":8,"column":7},"end":{"line":28,"column":null}},"4":{"start":{"line":9,"column":33},"end":{"line":9,"column":50}},"5":{"start":{"line":14,"column":23},"end":{"line":14,"column":34}},"6":{"start":{"line":15,"column":8},"end":{"line":15,"column":77}},"7":{"start":{"line":23,"column":8},"end":{"line":25,"column":9}},"8":{"start":{"line":24,"column":12},"end":{"line":24,"column":81}},"9":{"start":{"line":26,"column":8},"end":{"line":26,"column":88}},"10":{"start":{"line":8,"column":13},"end":{"line":8,"column":31}},"11":{"start":{"line":13,"column":10},"end":{"line":16,"column":null}},"12":{"start":{"line":19,"column":10},"end":{"line":27,"column":null}},"13":{"start":{"line":8,"column":13},"end":{"line":28,"column":null}}},"fnMap":{"0":{"name":"(anonymous_4)","decl":{"start":{"line":9,"column":4},"end":{"line":9,"column":33}},"loc":{"start":{"line":9,"column":65},"end":{"line":9,"column":70}}},"1":{"name":"(anonymous_5)","decl":{"start":{"line":13,"column":10},"end":{"line":13,"column":24}},"loc":{"start":{"line":13,"column":81},"end":{"line":16,"column":5}}},"2":{"name":"(anonymous_6)","decl":{"start":{"line":19,"column":10},"end":{"line":19,"column":23}},"loc":{"start":{"line":21,"column":55},"end":{"line":27,"column":5}}}},"branchMap":{"0":{"loc":{"start":{"line":23,"column":8},"end":{"line":25,"column":9}},"type":"if","locations":[{"start":{"line":23,"column":8},"end":{"line":25,"column":9}},{"start":{},"end":{}}]},"1":{"loc":{"start":{"line":23,"column":12},"end":{"line":23,"column":42}},"type":"binary-expr","locations":[{"start":{"line":23,"column":12},"end":{"line":23,"column":22}},{"start":{"line":23,"column":26},"end":{"line":23,"column":42}}]},"2":{"loc":{"start":{"line":9,"column":50},"end":{"line":9,"column":69}},"type":"cond-expr","locations":[{"start":{"line":9,"column":65},"end":{"line":9,"column":69}},{"start":{"line":9,"column":65},"end":{"line":9,"column":69}}]},"3":{"loc":{"start":{"line":9,"column":50},"end":{"line":9,"column":65}},"type":"binary-expr","locations":[{"start":{"line":9,"column":50},"end":{"line":9,"column":69}},{"start":{"line":9,"column":50},"end":{"line":9,"column":65}}]}},"s":{"0":1,"1":1,"2":1,"3":1,"4":0,"5":0,"6":0,"7":0,"8":0,"9":0,"10":1,"11":1,"12":1,"13":1},"f":{"0":0,"1":0,"2":0},"b":{"0":[0,0],"1":[0,0],"2":[1,0],"3":[1,1]}}
,"/run/media/klaus/a7c9d6e3-d287-426d-bb9f-0af8131dbf34/klaus/Downloads/Projetos/Mohamed/apps/api/src/payments/payments.module.ts": {"path":"/run/media/klaus/a7c9d6e3-d287-426d-bb9f-0af8131dbf34/klaus/Downloads/Projetos/Mohamed/apps/api/src/payments/payments.module.ts","statementMap":{"0":{"start":{"line":1,"column":0},"end":{"line":1,"column":48}},"1":{"start":{"line":2,"column":0},"end":{"line":2,"column":53}},"2":{"start":{"line":3,"column":0},"end":{"line":3,"column":59}},"3":{"start":{"line":11,"column":7},"end":{"line":11,"column":null}},"4":{"start":{"line":11,"column":13},"end":{"line":11,"column":27}},"5":{"start":{"line":11,"column":13},"end":{"line":11,"column":null}}},"fnMap":{},"branchMap":{},"s":{"0":0,"1":0,"2":0,"3":0,"4":0,"5":0},"f":{},"b":{}}
,"/run/media/klaus/a7c9d6e3-d287-426d-bb9f-0af8131dbf34/klaus/Downloads/Projetos/Mohamed/apps/api/src/payments/payments.service.ts": {"path":"/run/media/klaus/a7c9d6e3-d287-426d-bb9f-0af8131dbf34/klaus/Downloads/Projetos/Mohamed/apps/api/src/payments/payments.service.ts","statementMap":{"0":{"start":{"line":1,"column":0},"end":{"line":1,"column":44}},"1":{"start":{"line":2,"column":0},"end":{"line":2,"column":28}},"2":{"start":{"line":5,"column":7},"end":{"line":64,"column":null}},"3":{"start":{"line":9,"column":8},"end":{"line":9,"column":89}},"4":{"start":{"line":13,"column":23},"end":{"line":16,"column":10}},"5":{"start":{"line":18,"column":24},"end":{"line":34,"column":10}},"6":{"start":{"line":36,"column":8},"end":{"line":36,"column":36}},"7":{"start":{"line":40,"column":31},"end":{"line":40,"column":64}},"8":{"start":{"line":43,"column":8},"end":{"line":48,"column":9}},"9":{"start":{"line":44,"column":12},"end":{"line":44,"column":86}},"10":{"start":{"line":44,"column":33},"end":{"line":44,"column":86}},"11":{"start":{"line":45,"column":12},"end":{"line":45,"column":92}},"12":{"start":{"line":47,"column":12},"end":{"line":47,"column":61}},"13":{"start":{"line":51,"column":8},"end":{"line":60,"column":9}},"14":{"start":{"line":52,"column":28},"end":{"line":52,"column":72}},"15":{"start":{"line":53,"column":27},"end":{"line":53,"column":54}},"16":{"start":{"line":54,"column":25},"end":{"line":54,"column":47}},"17":{"start":{"line":56,"column":12},"end":{"line":59,"column":13}},"18":{"start":{"line":58,"column":16},"end":{"line":58,"column":94}},"19":{"start":{"line":62,"column":8},"end":{"line":62,"column":34}},"20":{"start":{"line":5,"column":13},"end":{"line":5,"column":28}},"21":{"start":{"line":5,"column":13},"end":{"line":64,"column":null}}},"fnMap":{"0":{"name":"(anonymous_3)","decl":{"start":{"line":8,"column":4},"end":{"line":8,"column":null}},"loc":{"start":{"line":8,"column":4},"end":{"line":10,"column":5}}},"1":{"name":"(anonymous_4)","decl":{"start":{"line":12,"column":4},"end":{"line":12,"column":9}},"loc":{"start":{"line":12,"column":69},"end":{"line":37,"column":5}}},"2":{"name":"(anonymous_5)","decl":{"start":{"line":39,"column":4},"end":{"line":39,"column":9}},"loc":{"start":{"line":39,"column":58},"end":{"line":63,"column":5}}}},"branchMap":{"0":{"loc":{"start":{"line":9,"column":33},"end":{"line":9,"column":87}},"type":"binary-expr","locations":[{"start":{"line":9,"column":33},"end":{"line":9,"column":62}},{"start":{"line":9,"column":66},"end":{"line":9,"column":87}}]},"1":{"loc":{"start":{"line":44,"column":12},"end":{"line":44,"column":86}},"type":"if","locations":[{"start":{"line":44,"column":12},"end":{"line":44,"column":86}},{"start":{},"end":{}}]},"2":{"loc":{"start":{"line":51,"column":8},"end":{"line":60,"column":9}},"type":"if","locations":[{"start":{"line":51,"column":8},"end":{"line":60,"column":9}},{"start":{},"end":{}}]},"3":{"loc":{"start":{"line":56,"column":12},"end":{"line":59,"column":13}},"type":"if","locations":[{"start":{"line":56,"column":12},"end":{"line":59,"column":13}},{"start":{},"end":{}}]},"4":{"loc":{"start":{"line":56,"column":16},"end":{"line":56,"column":30}},"type":"binary-expr","locations":[{"start":{"line":56,"column":16},"end":{"line":56,"column":22}},{"start":{"line":56,"column":26},"end":{"line":56,"column":30}}]}},"s":{"0":2,"1":2,"2":2,"3":1,"4":0,"5":0,"6":0,"7":0,"8":0,"9":0,"10":0,"11":0,"12":0,"13":0,"14":0,"15":0,"16":0,"17":0,"18":0,"19":0,"20":2,"21":2},"f":{"0":1,"1":0,"2":0},"b":{"0":[1,1],"1":[0,0],"2":[0,0],"3":[0,0],"4":[0,0]}}
,"/run/media/klaus/a7c9d6e3-d287-426d-bb9f-0af8131dbf34/klaus/Downloads/Projetos/Mohamed/apps/api/src/rides/rides.controller.ts": {"path":"/run/media/klaus/a7c9d6e3-d287-426d-bb9f-0af8131dbf34/klaus/Downloads/Projetos/Mohamed/apps/api/src/rides/rides.controller.ts","statementMap":{"0":{"start":{"line":1,"column":0},"end":{"line":1,"column":null}},"1":{"start":{"line":12,"column":0},"end":{"line":12,"column":45}},"2":{"start":{"line":13,"column":0},"end":{"line":13,"column":47}},"3":{"start":{"line":17,"column":7},"end":{"line":37,"column":null}},"4":{"start":{"line":18,"column":24},"end":{"line":18,"column":38}},"5":{"start":{"line":22,"column":8},"end":{"line":22,"column":58}},"6":{"start":{"line":30,"column":8},"end":{"line":30,"column":63}},"7":{"start":{"line":35,"column":8},"end":{"line":35,"column":61}},"8":{"start":{"line":17,"column":13},"end":{"line":17,"column":28}},"9":{"start":{"line":21,"column":10},"end":{"line":23,"column":null}},"10":{"start":{"line":26,"column":10},"end":{"line":31,"column":null}},"11":{"start":{"line":34,"column":10},"end":{"line":36,"column":null}},"12":{"start":{"line":17,"column":13},"end":{"line":37,"column":null}}},"fnMap":{"0":{"name":"(anonymous_4)","decl":{"start":{"line":18,"column":4},"end":{"line":18,"column":24}},"loc":{"start":{"line":18,"column":50},"end":{"line":18,"column":55}}},"1":{"name":"(anonymous_5)","decl":{"start":{"line":21,"column":10},"end":{"line":21,"column":17}},"loc":{"start":{"line":21,"column":37},"end":{"line":23,"column":5}}},"2":{"name":"(anonymous_6)","decl":{"start":{"line":26,"column":10},"end":{"line":26,"column":16}},"loc":{"start":{"line":28,"column":57},"end":{"line":31,"column":5}}},"3":{"name":"(anonymous_7)","decl":{"start":{"line":34,"column":10},"end":{"line":34,"column":16}},"loc":{"start":{"line":34,"column":61},"end":{"line":36,"column":5}}}},"branchMap":{"0":{"loc":{"start":{"line":18,"column":38},"end":{"line":18,"column":54}},"type":"cond-expr","locations":[{"start":{"line":18,"column":50},"end":{"line":18,"column":54}},{"start":{"line":18,"column":50},"end":{"line":18,"column":54}}]},"1":{"loc":{"start":{"line":18,"column":38},"end":{"line":18,"column":50}},"type":"binary-expr","locations":[{"start":{"line":18,"column":38},"end":{"line":18,"column":54}},{"start":{"line":18,"column":38},"end":{"line":18,"column":50}}]}},"s":{"0":1,"1":1,"2":1,"3":1,"4":0,"5":0,"6":0,"7":0,"8":1,"9":1,"10":1,"11":1,"12":1},"f":{"0":0,"1":0,"2":0,"3":0},"b":{"0":[1,0],"1":[1,1]}}
,"/run/media/klaus/a7c9d6e3-d287-426d-bb9f-0af8131dbf34/klaus/Downloads/Projetos/Mohamed/apps/api/src/rides/rides.module.ts": {"path":"/run/media/klaus/a7c9d6e3-d287-426d-bb9f-0af8131dbf34/klaus/Downloads/Projetos/Mohamed/apps/api/src/rides/rides.module.ts","statementMap":{"0":{"start":{"line":1,"column":0},"end":{"line":1,"column":40}},"1":{"start":{"line":2,"column":0},"end":{"line":2,"column":47}},"2":{"start":{"line":3,"column":0},"end":{"line":3,"column":53}},"3":{"start":{"line":9,"column":7},"end":{"line":9,"column":null}},"4":{"start":{"line":9,"column":13},"end":{"line":9,"column":24}},"5":{"start":{"line":9,"column":13},"end":{"line":9,"column":null}}},"fnMap":{},"branchMap":{},"s":{"0":0,"1":0,"2":0,"3":0,"4":0,"5":0},"f":{},"b":{}}
,"/run/media/klaus/a7c9d6e3-d287-426d-bb9f-0af8131dbf34/klaus/Downloads/Projetos/Mohamed/apps/api/src/rides/rides.service.ts": {"path":"/run/media/klaus/a7c9d6e3-d287-426d-bb9f-0af8131dbf34/klaus/Downloads/Projetos/Mohamed/apps/api/src/rides/rides.service.ts","statementMap":{"0":{"start":{"line":1,"column":0},"end":{"line":1,"column":52}},"1":{"start":{"line":2,"column":0},"end":{"line":2,"column":52}},"2":{"start":{"line":3,"column":0},"end":{"line":3,"column":56}},"3":{"start":{"line":4,"column":0},"end":{"line":4,"column":40}},"4":{"start":{"line":5,"column":0},"end":{"line":5,"column":48}},"5":{"start":{"line":6,"column":0},"end":{"line":6,"column":36}},"6":{"start":{"line":9,"column":7},"end":{"line":55,"column":null}},"7":{"start":{"line":12,"column":16},"end":{"line":12,"column":20}},"8":{"start":{"line":16,"column":8},"end":{"line":20,"column":45}},"9":{"start":{"line":24,"column":24},"end":{"line":32,"column":24}},"10":{"start":{"line":34,"column":8},"end":{"line":34,"column":26}},"11":{"start":{"line":38,"column":8},"end":{"line":40,"column":82}},"12":{"start":{"line":44,"column":8},"end":{"line":53,"column":14}},"13":{"start":{"line":9,"column":13},"end":{"line":9,"column":25}},"14":{"start":{"line":9,"column":13},"end":{"line":55,"column":null}}},"fnMap":{"0":{"name":"(anonymous_13)","decl":{"start":{"line":10,"column":4},"end":{"line":10,"column":null}},"loc":{"start":{"line":12,"column":49},"end":{"line":13,"column":9}}},"1":{"name":"(anonymous_14)","decl":{"start":{"line":15,"column":4},"end":{"line":15,"column":9}},"loc":{"start":{"line":15,"column":32},"end":{"line":21,"column":5}}},"2":{"name":"(anonymous_15)","decl":{"start":{"line":23,"column":4},"end":{"line":23,"column":9}},"loc":{"start":{"line":23,"column":74},"end":{"line":35,"column":5}}},"3":{"name":"(anonymous_16)","decl":{"start":{"line":37,"column":4},"end":{"line":37,"column":9}},"loc":{"start":{"line":37,"column":43},"end":{"line":41,"column":5}}},"4":{"name":"(anonymous_17)","decl":{"start":{"line":43,"column":4},"end":{"line":43,"column":9}},"loc":{"start":{"line":43,"column":59},"end":{"line":54,"column":5}}}},"branchMap":{"0":{"loc":{"start":{"line":12,"column":20},"end":{"line":12,"column":49}},"type":"cond-expr","locations":[{"start":{"line":12,"column":34},"end":{"line":12,"column":49}},{"start":{"line":12,"column":34},"end":{"line":12,"column":49}}]},"1":{"loc":{"start":{"line":12,"column":20},"end":{"line":12,"column":34}},"type":"binary-expr","locations":[{"start":{"line":12,"column":20},"end":{"line":12,"column":49}},{"start":{"line":12,"column":20},"end":{"line":12,"column":34}}]}},"s":{"0":2,"1":2,"2":2,"3":2,"4":2,"5":2,"6":2,"7":2,"8":0,"9":1,"10":1,"11":0,"12":0,"13":2,"14":2},"f":{"0":2,"1":0,"2":1,"3":0,"4":0},"b":{"0":[2,0],"1":[2,2]}}
,"/run/media/klaus/a7c9d6e3-d287-426d-bb9f-0af8131dbf34/klaus/Downloads/Projetos/Mohamed/apps/api/src/subscriptions/subscriptions.controller.ts": {"path":"/run/media/klaus/a7c9d6e3-d287-426d-bb9f-0af8131dbf34/klaus/Downloads/Projetos/Mohamed/apps/api/src/subscriptions/subscriptions.controller.ts","statementMap":{"0":{"start":{"line":1,"column":0},"end":{"line":1,"column":44}},"1":{"start":{"line":4,"column":7},"end":{"line":4,"column":null}},"2":{"start":{"line":4,"column":13},"end":{"line":4,"column":36}},"3":{"start":{"line":4,"column":13},"end":{"line":4,"column":null}}},"fnMap":{},"branchMap":{},"s":{"0":1,"1":1,"2":1,"3":1},"f":{},"b":{}}
,"/run/media/klaus/a7c9d6e3-d287-426d-bb9f-0af8131dbf34/klaus/Downloads/Projetos/Mohamed/apps/api/src/subscriptions/subscriptions.module.ts": {"path":"/run/media/klaus/a7c9d6e3-d287-426d-bb9f-0af8131dbf34/klaus/Downloads/Projetos/Mohamed/apps/api/src/subscriptions/subscriptions.module.ts","statementMap":{"0":{"start":{"line":1,"column":0},"end":{"line":1,"column":40}},"1":{"start":{"line":2,"column":0},"end":{"line":2,"column":63}},"2":{"start":{"line":3,"column":0},"end":{"line":3,"column":69}},"3":{"start":{"line":9,"column":7},"end":{"line":9,"column":null}},"4":{"start":{"line":9,"column":13},"end":{"line":9,"column":32}},"5":{"start":{"line":9,"column":13},"end":{"line":9,"column":null}}},"fnMap":{},"branchMap":{},"s":{"0":0,"1":0,"2":0,"3":0,"4":0,"5":0},"f":{},"b":{}}
,"/run/media/klaus/a7c9d6e3-d287-426d-bb9f-0af8131dbf34/klaus/Downloads/Projetos/Mohamed/apps/api/src/subscriptions/subscriptions.service.ts": {"path":"/run/media/klaus/a7c9d6e3-d287-426d-bb9f-0af8131dbf34/klaus/Downloads/Projetos/Mohamed/apps/api/src/subscriptions/subscriptions.service.ts","statementMap":{"0":{"start":{"line":1,"column":0},"end":{"line":1,"column":44}},"1":{"start":{"line":4,"column":7},"end":{"line":4,"column":null}},"2":{"start":{"line":4,"column":13},"end":{"line":4,"column":33}},"3":{"start":{"line":4,"column":13},"end":{"line":4,"column":null}}},"fnMap":{},"branchMap":{},"s":{"0":1,"1":1,"2":1,"3":1},"f":{},"b":{}}
,"/run/media/klaus/a7c9d6e3-d287-426d-bb9f-0af8131dbf34/klaus/Downloads/Projetos/Mohamed/apps/api/src/users/users.controller.ts": {"path":"/run/media/klaus/a7c9d6e3-d287-426d-bb9f-0af8131dbf34/klaus/Downloads/Projetos/Mohamed/apps/api/src/users/users.controller.ts","statementMap":{"0":{"start":{"line":1,"column":0},"end":{"line":1,"column":75}},"1":{"start":{"line":2,"column":0},"end":{"line":2,"column":47}},"2":{"start":{"line":3,"column":0},"end":{"line":3,"column":61}},"3":{"start":{"line":4,"column":0},"end":{"line":4,"column":56}},"4":{"start":{"line":5,"column":0},"end":{"line":5,"column":59}},"5":{"start":{"line":9,"column":7},"end":{"line":23,"column":null}},"6":{"start":{"line":10,"column":33},"end":{"line":10,"column":47}},"7":{"start":{"line":15,"column":8},"end":{"line":15,"column":43}},"8":{"start":{"line":21,"column":8},"end":{"line":21,"column":44}},"9":{"start":{"line":9,"column":13},"end":{"line":9,"column":28}},"10":{"start":{"line":14,"column":4},"end":{"line":16,"column":null}},"11":{"start":{"line":20,"column":4},"end":{"line":22,"column":null}},"12":{"start":{"line":9,"column":13},"end":{"line":23,"column":null}}},"fnMap":{"0":{"name":"(anonymous_4)","decl":{"start":{"line":10,"column":4},"end":{"line":10,"column":33}},"loc":{"start":{"line":10,"column":59},"end":{"line":10,"column":64}}},"1":{"name":"(anonymous_5)","decl":{"start":{"line":14,"column":4},"end":{"line":14,"column":11}},"loc":{"start":{"line":14,"column":11},"end":{"line":16,"column":5}}},"2":{"name":"(anonymous_6)","decl":{"start":{"line":20,"column":4},"end":{"line":20,"column":10}},"loc":{"start":{"line":20,"column":34},"end":{"line":22,"column":5}}}},"branchMap":{"0":{"loc":{"start":{"line":10,"column":47},"end":{"line":10,"column":63}},"type":"cond-expr","locations":[{"start":{"line":10,"column":59},"end":{"line":10,"column":63}},{"start":{"line":10,"column":59},"end":{"line":10,"column":63}}]},"1":{"loc":{"start":{"line":10,"column":47},"end":{"line":10,"column":59}},"type":"binary-expr","locations":[{"start":{"line":10,"column":47},"end":{"line":10,"column":63}},{"start":{"line":10,"column":47},"end":{"line":10,"column":59}}]}},"s":{"0":0,"1":0,"2":0,"3":0,"4":0,"5":0,"6":0,"7":0,"8":0,"9":0,"10":0,"11":0,"12":0},"f":{"0":0,"1":0,"2":0},"b":{"0":[0,0],"1":[0,0]}}
,"/run/media/klaus/a7c9d6e3-d287-426d-bb9f-0af8131dbf34/klaus/Downloads/Projetos/Mohamed/apps/api/src/users/users.module.ts": {"path":"/run/media/klaus/a7c9d6e3-d287-426d-bb9f-0af8131dbf34/klaus/Downloads/Projetos/Mohamed/apps/api/src/users/users.module.ts","statementMap":{"0":{"start":{"line":1,"column":0},"end":{"line":1,"column":40}},"1":{"start":{"line":2,"column":0},"end":{"line":2,"column":47}},"2":{"start":{"line":3,"column":0},"end":{"line":3,"column":53}},"3":{"start":{"line":10,"column":7},"end":{"line":10,"column":null}},"4":{"start":{"line":10,"column":13},"end":{"line":10,"column":24}},"5":{"start":{"line":10,"column":13},"end":{"line":10,"column":null}}},"fnMap":{},"branchMap":{},"s":{"0":0,"1":0,"2":0,"3":0,"4":0,"5":0},"f":{},"b":{}}
,"/run/media/klaus/a7c9d6e3-d287-426d-bb9f-0af8131dbf34/klaus/Downloads/Projetos/Mohamed/apps/api/src/users/users.service.ts": {"path":"/run/media/klaus/a7c9d6e3-d287-426d-bb9f-0af8131dbf34/klaus/Downloads/Projetos/Mohamed/apps/api/src/users/users.service.ts","statementMap":{"0":{"start":{"line":1,"column":0},"end":{"line":1,"column":52}},"1":{"start":{"line":2,"column":0},"end":{"line":2,"column":52}},"2":{"start":{"line":3,"column":0},"end":{"line":3,"column":56}},"3":{"start":{"line":4,"column":0},"end":{"line":4,"column":40}},"4":{"start":{"line":5,"column":0},"end":{"line":5,"column":33}},"5":{"start":{"line":6,"column":0},"end":{"line":6,"column":36}},"6":{"start":{"line":9,"column":7},"end":{"line":54,"column":null}},"7":{"start":{"line":12,"column":16},"end":{"line":12,"column":20}},"8":{"start":{"line":16,"column":24},"end":{"line":20,"column":21}},"9":{"start":{"line":22,"column":8},"end":{"line":22,"column":26}},"10":{"start":{"line":26,"column":24},"end":{"line":30,"column":21}},"11":{"start":{"line":32,"column":8},"end":{"line":32,"column":26}},"12":{"start":{"line":36,"column":24},"end":{"line":42,"column":24}},"13":{"start":{"line":44,"column":8},"end":{"line":44,"column":26}},"14":{"start":{"line":48,"column":8},"end":{"line":48,"column":51}},"15":{"start":{"line":52,"column":8},"end":{"line":52,"column":75}},"16":{"start":{"line":9,"column":13},"end":{"line":9,"column":25}},"17":{"start":{"line":9,"column":13},"end":{"line":54,"column":null}}},"fnMap":{"0":{"name":"(anonymous_13)","decl":{"start":{"line":10,"column":4},"end":{"line":10,"column":null}},"loc":{"start":{"line":12,"column":49},"end":{"line":13,"column":9}}},"1":{"name":"(anonymous_14)","decl":{"start":{"line":15,"column":4},"end":{"line":15,"column":9}},"loc":{"start":{"line":15,"column":35},"end":{"line":23,"column":5}}},"2":{"name":"(anonymous_15)","decl":{"start":{"line":25,"column":4},"end":{"line":25,"column":9}},"loc":{"start":{"line":25,"column":29},"end":{"line":33,"column":5}}},"3":{"name":"(anonymous_16)","decl":{"start":{"line":35,"column":4},"end":{"line":35,"column":9}},"loc":{"start":{"line":35,"column":67},"end":{"line":45,"column":5}}},"4":{"name":"(anonymous_17)","decl":{"start":{"line":47,"column":4},"end":{"line":47,"column":9}},"loc":{"start":{"line":47,"column":17},"end":{"line":49,"column":5}}},"5":{"name":"(anonymous_18)","decl":{"start":{"line":51,"column":4},"end":{"line":51,"column":9}},"loc":{"start":{"line":51,"column":27},"end":{"line":53,"column":5}}}},"branchMap":{"0":{"loc":{"start":{"line":12,"column":20},"end":{"line":12,"column":49}},"type":"cond-expr","locations":[{"start":{"line":12,"column":34},"end":{"line":12,"column":49}},{"start":{"line":12,"column":34},"end":{"line":12,"column":49}}]},"1":{"loc":{"start":{"line":12,"column":20},"end":{"line":12,"column":34}},"type":"binary-expr","locations":[{"start":{"line":12,"column":20},"end":{"line":12,"column":49}},{"start":{"line":12,"column":20},"end":{"line":12,"column":34}}]}},"s":{"0":3,"1":3,"2":3,"3":3,"4":3,"5":3,"6":3,"7":2,"8":0,"9":0,"10":0,"11":0,"12":1,"13":1,"14":0,"15":0,"16":3,"17":3},"f":{"0":2,"1":0,"2":0,"3":1,"4":0,"5":0},"b":{"0":[3,0],"1":[3,3]}}
}
